<?xml version="1.0" encoding="UTF-8"?>
<!-- Generated by org.testng.reporters.JUnitReportReporter -->
<testsuite hostname="LAPTOP-VLUEFNG4" failures="0" tests="2" name="CRM_Volunteer_Mgmt.Portal_VolunteerPage_Test" time="46.514" errors="0" timestamp="2022-06-10T15:58:04 IST" skipped="0">
  <testcase classname="CRM_Volunteer_Mgmt.Portal_VolunteerPage_Test" name="OpenBrowser" time="7.936"/>
  <system-out/>
  <testcase classname="CRM_Volunteer_Mgmt.Portal_VolunteerPage_Test" name="FillInfo" time="38.578"/>
  <system-out/>
</testsuite> <!-- CRM_Volunteer_Mgmt.Portal_VolunteerPage_Test -->
