<?xml version="1.0" encoding="UTF-8"?>
<!-- Generated by org.testng.reporters.JUnitReportReporter -->
<testsuite hostname="LAPTOP-VLUEFNG4" failures="0" tests="3" name="CRM_Volunteer_Mgmt.CRM_Volunteer_Test2" time="71.493" errors="0" timestamp="2022-06-09T23:09:10 IST" skipped="0">
  <testcase classname="CRM_Volunteer_Mgmt.CRM_Volunteer_Test2" name="OpenTheBrowser" time="9.346"/>
  <system-out/>
  <testcase classname="CRM_Volunteer_Mgmt.CRM_Volunteer_Test2" name="loginToApp" time="59.139"/>
  <system-out/>
  <testcase classname="CRM_Volunteer_Mgmt.CRM_Volunteer_Test2" name="closebrowser" time="3.008"/>
  <system-out/>
</testsuite> <!-- CRM_Volunteer_Mgmt.CRM_Volunteer_Test2 -->
