<?xml version="1.0" encoding="UTF-8"?>
<!-- Generated by org.testng.reporters.JUnitReportReporter -->
<testsuite hostname="LAPTOP-VLUEFNG4" failures="0" tests="1" name="Portal_page2.Donor_TESTCASE_page2_11" time="13.657" errors="0" timestamp="2022-05-26T14:52:29 IST" skipped="0">
  <testcase classname="Portal_page2.Donor_TESTCASE_page2_11" name="FillInfo" time="13.657"/>
  <system-out/>
</testsuite> <!-- Portal_page2.Donor_TESTCASE_page2_11 -->
