<?xml version="1.0" encoding="UTF-8"?>
<!-- Generated by org.testng.reporters.JUnitReportReporter -->
<testsuite hostname="LAPTOP-VLUEFNG4" failures="0" tests="1" name="Portal_page1.Donor_TESTCASE" time="86.484" errors="0" timestamp="2022-06-13T20:46:12 IST" skipped="0">
  <testcase classname="Portal_page1.Donor_TESTCASE" name="FillInfo" time="86.484"/>
  <system-out/>
</testsuite> <!-- Portal_page1.Donor_TESTCASE -->
