<?xml version="1.0" encoding="UTF-8"?>
<!-- Generated by org.testng.reporters.JUnitReportReporter -->
<testsuite hostname="LAPTOP-VLUEFNG4" failures="0" tests="3" name="CRM_Volunteer_Mgmt.CRM_VOL_Volunteer_Test" time="83.012" errors="0" timestamp="2022-06-07T14:33:54 IST" skipped="0">
  <testcase classname="CRM_Volunteer_Mgmt.CRM_VOL_Volunteer_Test" name="OpenTheBrowser" time="6.761"/>
  <system-out/>
  <testcase classname="CRM_Volunteer_Mgmt.CRM_VOL_Volunteer_Test" name="loginToApp" time="73.234"/>
  <system-out/>
  <testcase classname="CRM_Volunteer_Mgmt.CRM_VOL_Volunteer_Test" name="closebrowser" time="3.017"/>
  <system-out/>
</testsuite> <!-- CRM_Volunteer_Mgmt.CRM_VOL_Volunteer_Test -->
