<?xml version="1.0" encoding="UTF-8"?>
<!-- Generated by org.testng.reporters.JUnitReportReporter -->
<testsuite hostname="LAPTOP-VLUEFNG4" failures="0" tests="1" name="Portal_page1.Donor_TESTCASE1_7" time="19.394" errors="0" timestamp="2022-06-13T20:46:12 IST" skipped="0">
  <testcase classname="Portal_page1.Donor_TESTCASE1_7" name="FillInfo" time="19.394"/>
  <system-out/>
</testsuite> <!-- Portal_page1.Donor_TESTCASE1_7 -->
