<?xml version="1.0" encoding="UTF-8"?>
<!-- Generated by org.testng.reporters.JUnitReportReporter -->
<testsuite hostname="LAPTOP-VLUEFNG4" failures="0" tests="3" name="CRM_Volunteer_Mgmt.CRM_VOL_Volunteer_Application_Test" time="102.722" errors="0" timestamp="2022-06-06T16:22:29 IST" skipped="0">
  <testcase classname="CRM_Volunteer_Mgmt.CRM_VOL_Volunteer_Application_Test" name="OpenTheBrowser" time="5.857"/>
  <system-out/>
  <testcase classname="CRM_Volunteer_Mgmt.CRM_VOL_Volunteer_Application_Test" name="loginToApp" time="93.856"/>
  <system-out/>
  <testcase classname="CRM_Volunteer_Mgmt.CRM_VOL_Volunteer_Application_Test" name="closebrowser" time="3.009"/>
  <system-out/>
</testsuite> <!-- CRM_Volunteer_Mgmt.CRM_VOL_Volunteer_Application_Test -->
